0 info it worked if it ends with ok
1 verbose cli [
1 verbose cli   '/usr/local/bin/node',
1 verbose cli   '/Users/snorlax93/github/passwordapp/node/node_modules/npm/bin/npm-cli.js',
1 verbose cli   'install'
1 verbose cli ]
2 info using npm@2.15.9
3 info using node@v14.15.3
4 verbose readDependencies loading dependencies from /Users/snorlax93/github/passwordapp/package.json
5 error install Couldn't read dependencies
6 verbose stack Error: ENOENT: no such file or directory, open '/Users/snorlax93/github/passwordapp/package.json'
7 verbose cwd /Users/snorlax93/github/passwordapp
8 error Darwin 21.1.0
9 error argv "/usr/local/bin/node" "/Users/snorlax93/github/passwordapp/node/node_modules/npm/bin/npm-cli.js" "install"
10 error node v14.15.3
11 error npm  v2.15.9
12 error path /Users/snorlax93/github/passwordapp/package.json
13 error code ENOPACKAGEJSON
14 error errno -2
15 error syscall open
16 error package.json ENOENT: no such file or directory, open '/Users/snorlax93/github/passwordapp/package.json'
16 error package.json This is most likely not a problem with npm itself.
16 error package.json npm can't find a package.json file in your current directory.
17 verbose exit [ -2, true ]
